Using pre-set license

 COMMAND LINE ARGUMENTS:
/Users/victoriaromangarrido/Documents/2020.3.5f1/Unity.app/Contents/MacOS/Unity
-adb2
-batchMode
-noUpm
-name
AssetImportWorker0
-projectPath
/Users/victoriaromangarrido/Desktop/Uni/2B-Q2/DSA/2D Roguelike
-logFile
Logs/AssetImportWorker0.log
-srvPort
49322
Successfully changed project path to: /Users/victoriaromangarrido/Desktop/Uni/2B-Q2/DSA/2D Roguelike
/Users/victoriaromangarrido/Desktop/Uni/2B-Q2/DSA/2D Roguelike
Using Asset Import Pipeline V2.
Refreshing native plugins compatible for Editor in 119.23 ms, found 2 plugins.
Preloading 0 native plugins for Editor in 0.00 ms.
Initialize engine version: 2020.3.5f1 (8095aa901b9b)
[Subsystems] Discovering subsystems at path /Users/victoriaromangarrido/Documents/2020.3.5f1/Unity.app/Contents/Resources/UnitySubsystems
[Subsystems] Discovering subsystems at path /Users/victoriaromangarrido/Desktop/Uni/2B-Q2/DSA/2D Roguelike/Assets
GfxDevice: creating device client; threaded=0
2023-01-06 11:37:12.070 Unity[2599:12651] Color LCD preferred device: Intel(R) Iris(TM) Plus Graphics (low power)
2023-01-06 11:37:12.070 Unity[2599:12651] Metal devices available: 1
2023-01-06 11:37:12.070 Unity[2599:12651] 0: Intel(R) Iris(TM) Plus Graphics (low power)
2023-01-06 11:37:12.070 Unity[2599:12651] Using device Intel(R) Iris(TM) Plus Graphics (low power)
Initializing Metal device caps: Intel(R) Iris(TM) Plus Graphics
Initialize mono
Mono path[0] = '/Users/victoriaromangarrido/Documents/2020.3.5f1/Unity.app/Contents/Managed'
Mono path[1] = '/Users/victoriaromangarrido/Documents/2020.3.5f1/Unity.app/Contents/MonoBleedingEdge/lib/mono/unityjit'
Mono config path = '/Users/victoriaromangarrido/Documents/2020.3.5f1/Unity.app/Contents/MonoBleedingEdge/etc'
Using monoOptions --debugger-agent=transport=dt_socket,embedding=1,server=y,suspend=n,address=127.0.0.1:56599
Begin MonoManager ReloadAssembly
Registering precompiled unity dll's ...
Register platform support module: /Users/victoriaromangarrido/Documents/2020.3.5f1/Unity.app/Contents/PlaybackEngines/MacStandaloneSupport/UnityEditor.OSXStandalone.Extensions.dll
Registered in 0.001002 seconds.
Native extension for OSXStandalone target not found
Refreshing native plugins compatible for Editor in 116.58 ms, found 2 plugins.
Preloading 0 native plugins for Editor in 0.00 ms.
Mono: successfully reloaded assembly
- Completed reload, in  4.446 seconds
Platform modules already initialized, skipping
Registering precompiled user dll's ...
Registered in 0.013692 seconds.
Begin MonoManager ReloadAssembly
Symbol file LoadedFromMemory doesn't match image /Users/victoriaromangarrido/Desktop/Uni/2B-Q2/DSA/2D Roguelike/Library/PackageCache/com.unity.visualscripting@1.7.8/Editor/VisualScripting.Core/Dependencies/YamlDotNet/Unity.VisualScripting.YamlDotNet.dll
Symbol file LoadedFromMemory doesn't match image /Users/victoriaromangarrido/Desktop/Uni/2B-Q2/DSA/2D Roguelike/Library/PackageCache/com.unity.visualscripting@1.7.8/Editor/VisualScripting.Core/Dependencies/DotNetZip/Unity.VisualScripting.IonicZip.dll
OnLevelWasLoaded was found on GameManager
This message has been deprecated and will be removed in a later version of Unity.
Add a delegate to SceneManager.sceneLoaded instead to get notifications after scene loading has completed

Native extension for OSXStandalone target not found
Refreshing native plugins compatible for Editor in 0.62 ms, found 2 plugins.
Preloading 0 native plugins for Editor in 0.00 ms.
Mono: successfully reloaded assembly
- Completed reload, in  2.308 seconds
Platform modules already initialized, skipping
========================================================================
Worker process is ready to serve import requests
Launching external process: /Users/victoriaromangarrido/Documents/2020.3.5f1/Unity.app/Contents/Tools/UnityShaderCompiler
Launched and connected shader compiler UnityShaderCompiler after 0.02 seconds
Refreshing native plugins compatible for Editor in 0.53 ms, found 2 plugins.
Preloading 0 native plugins for Editor in 0.00 ms.
Unloading 3090 Unused Serialized files (Serialized files now loaded: 0)
System memory in use before: 116.3 MB.
System memory in use after: 116.5 MB.

Unloading 21 unused Assets to reduce memory usage. Loaded Objects now: 3520.
Total: 2.541182 ms (FindLiveObjects: 0.357371 ms CreateObjectMapping: 0.152618 ms MarkObjects: 1.932752 ms  DeleteObjects: 0.096919 ms)

========================================================================
Received Import Request.
  path: Assets/Scripts/Player.cs
  artifactKey: Guid(bbf8a2b8d84ba4197978680956b4f266) Importer(815301076,1909f56bfc062723c751e8b465ee728b)
Start importing Assets/Scripts/Player.cs using Guid(bbf8a2b8d84ba4197978680956b4f266) Importer(815301076,1909f56bfc062723c751e8b465ee728b)  -> (artifact id: '27b4d1bf5493e5dc70fa5e56def9c1bf') in 0.320866 seconds
  Import took 0.327000 seconds .

AssetImportWorkerClient::OnTransportError - code=2 error=End of file
